<?xml version="1.0" encoding="UTF-8"?>
<coverage generated="1678784543879" clover="3.2.0">
  <project timestamp="1678784543879" name="All files">
    <metrics statements="38" coveredstatements="25" conditionals="10" coveredconditionals="3" methods="10" coveredmethods="6" elements="58" coveredelements="34" complexity="0" loc="38" ncloc="38" packages="1" files="2" classes="2"/>
    <file name="game.js" path="/home/iurii/Projects/rock-paper-scissors-game/src/game.js">
      <metrics statements="20" coveredstatements="8" conditionals="6" coveredconditionals="0" methods="8" coveredmethods="4"/>
      <line num="6" count="3" type="stmt"/>
      <line num="7" count="3" type="stmt"/>
      <line num="8" count="3" type="stmt"/>
      <line num="12" count="0" type="cond" truecount="0" falsecount="4"/>
      <line num="13" count="0" type="stmt"/>
      <line num="16" count="0" type="stmt"/>
      <line num="18" count="0" type="stmt"/>
      <line num="19" count="0" type="cond" truecount="0" falsecount="2"/>
      <line num="20" count="0" type="stmt"/>
      <line num="21" count="0" type="stmt"/>
      <line num="26" count="3" type="stmt"/>
      <line num="30" count="2" type="stmt"/>
      <line num="34" count="1" type="stmt"/>
      <line num="35" count="1" type="stmt"/>
      <line num="36" count="1" type="stmt"/>
      <line num="40" count="0" type="stmt"/>
      <line num="41" count="0" type="stmt"/>
      <line num="42" count="0" type="stmt"/>
      <line num="46" count="0" type="stmt"/>
      <line num="50" count="0" type="stmt"/>
    </file>
    <file name="rules.js" path="/home/iurii/Projects/rock-paper-scissors-game/src/rules.js">
      <metrics statements="18" coveredstatements="17" conditionals="4" coveredconditionals="3" methods="2" coveredmethods="2"/>
      <line num="3" count="2" type="stmt"/>
      <line num="4" count="2" type="stmt"/>
      <line num="5" count="2" type="stmt"/>
      <line num="6" count="2" type="stmt"/>
      <line num="7" count="2" type="stmt"/>
      <line num="8" count="6" type="stmt"/>
      <line num="9" count="6" type="stmt"/>
      <line num="10" count="6" type="stmt"/>
      <line num="11" count="6" type="stmt"/>
      <line num="13" count="6" type="stmt"/>
      <line num="18" count="2" type="cond" truecount="1" falsecount="1"/>
      <line num="19" count="0" type="stmt"/>
      <line num="21" count="2" type="stmt"/>
      <line num="22" count="2" type="stmt"/>
      <line num="23" count="2" type="stmt"/>
      <line num="24" count="2" type="cond" truecount="2" falsecount="0"/>
      <line num="25" count="1" type="stmt"/>
      <line num="27" count="1" type="stmt"/>
    </file>
  </project>
</coverage>
